app/build/intermediates/manifest_merge_blame_file/debug/manifest-merger-blame-debug-report.txt
1<?xml version="1.0" encoding="utf-8"?>
2<manifest xmlns:android="http://schemas.android.com/apk/res/android"
3    package="com.example.ludo"
4    android:versionCode="1"
5    android:versionName="1.0" >
6
7    <uses-sdk
8        android:minSdkVersion="21"
8-->src/main/AndroidManifest.xml
9        android:targetSdkVersion="31" />
9-->src/main/AndroidManifest.xml
10
11    <!-- Although the *SdkVersion is captured in gradle build files, this is required for non gradle builds -->
12    <!-- <uses-sdk android:minSdkVersion="14"/> -->
13    <uses-permission android:name="android.permission.ACCESS_NETWORK_STATE" />
13-->[com.google.firebase:firebase-database:20.0.3] AndroidManifest.xml:25:5-79
13-->[com.google.firebase:firebase-database:20.0.3] AndroidManifest.xml:25:22-76
14    <uses-permission android:name="android.permission.INTERNET" />
14-->[com.google.firebase:firebase-database:20.0.3] AndroidManifest.xml:26:5-67
14-->[com.google.firebase:firebase-database:20.0.3] AndroidManifest.xml:26:22-64
15
16    <application
16-->src/main/AndroidManifest.xml:5:5-30:19
17        android:allowBackup="true"
17-->src/main/AndroidManifest.xml:6:9-35
18        android:appComponentFactory="androidx.core.app.CoreComponentFactory"
18-->[androidx.core:core:1.7.0] AndroidManifest.xml:24:18-86
19        android:debuggable="true"
20        android:icon="@mipmap/ic_launcher"
20-->src/main/AndroidManifest.xml:7:9-43
21        android:label="@string/app_name"
21-->src/main/AndroidManifest.xml:8:9-41
22        android:roundIcon="@mipmap/ic_launcher_round"
22-->src/main/AndroidManifest.xml:9:9-54
23        android:supportsRtl="true"
23-->src/main/AndroidManifest.xml:10:9-35
24        android:testOnly="true"
25        android:theme="@style/Theme.LUDO" >
25-->src/main/AndroidManifest.xml:11:9-42
26        <activity
26-->src/main/AndroidManifest.xml:12:9-21:20
27            android:name="com.example.ludo.SignUp"
27-->src/main/AndroidManifest.xml:13:13-35
28            android:exported="true"
28-->src/main/AndroidManifest.xml:14:13-36
29            android:noHistory="true" >
29-->src/main/AndroidManifest.xml:15:13-37
30            <intent-filter>
30-->src/main/AndroidManifest.xml:16:13-20:29
31                <action android:name="android.intent.action.MAIN" />
31-->src/main/AndroidManifest.xml:17:17-69
31-->src/main/AndroidManifest.xml:17:25-66
32
33                <category android:name="android.intent.category.LAUNCHER" />
33-->src/main/AndroidManifest.xml:19:17-77
33-->src/main/AndroidManifest.xml:19:27-74
34            </intent-filter>
35        </activity>
36        <activity
36-->src/main/AndroidManifest.xml:22:9-25:39
37            android:name="com.example.ludo.SignIn"
37-->src/main/AndroidManifest.xml:23:13-35
38            android:exported="true"
38-->src/main/AndroidManifest.xml:24:13-36
39            android:noHistory="true" />
39-->src/main/AndroidManifest.xml:25:13-37
40        <activity
40-->src/main/AndroidManifest.xml:26:9-29:20
41            android:name="com.example.ludo.MainActivity"
41-->src/main/AndroidManifest.xml:27:13-41
42            android:exported="true" >
42-->src/main/AndroidManifest.xml:28:13-36
43        </activity>
44
45        <service
45-->[com.google.firebase:firebase-database:20.0.3] AndroidManifest.xml:29:9-35:19
46            android:name="com.google.firebase.components.ComponentDiscoveryService"
46-->[com.google.firebase:firebase-database:20.0.3] AndroidManifest.xml:30:13-84
47            android:directBootAware="true"
47-->[com.google.firebase:firebase-common:20.0.0] AndroidManifest.xml:35:13-43
48            android:exported="false" >
48-->[com.google.firebase:firebase-database:20.0.3] AndroidManifest.xml:31:13-37
49            <meta-data
49-->[com.google.firebase:firebase-database:20.0.3] AndroidManifest.xml:32:13-34:85
50                android:name="com.google.firebase.components:com.google.firebase.database.DatabaseRegistrar"
50-->[com.google.firebase:firebase-database:20.0.3] AndroidManifest.xml:33:17-109
51                android:value="com.google.firebase.components.ComponentRegistrar" />
51-->[com.google.firebase:firebase-database:20.0.3] AndroidManifest.xml:34:17-82
52            <meta-data
52-->[com.google.firebase:firebase-auth:21.0.1] AndroidManifest.xml:77:13-79:85
53                android:name="com.google.firebase.components:com.google.firebase.auth.FirebaseAuthRegistrar"
53-->[com.google.firebase:firebase-auth:21.0.1] AndroidManifest.xml:78:17-109
54                android:value="com.google.firebase.components.ComponentRegistrar" />
54-->[com.google.firebase:firebase-auth:21.0.1] AndroidManifest.xml:79:17-82
55        </service>
56
57        <activity
57-->[com.google.firebase:firebase-auth:21.0.1] AndroidManifest.xml:27:9-44:20
58            android:name="com.google.firebase.auth.internal.GenericIdpActivity"
58-->[com.google.firebase:firebase-auth:21.0.1] AndroidManifest.xml:28:13-80
59            android:excludeFromRecents="true"
59-->[com.google.firebase:firebase-auth:21.0.1] AndroidManifest.xml:29:13-46
60            android:exported="true"
60-->[com.google.firebase:firebase-auth:21.0.1] AndroidManifest.xml:30:13-36
61            android:launchMode="singleTask"
61-->[com.google.firebase:firebase-auth:21.0.1] AndroidManifest.xml:31:13-44
62            android:theme="@android:style/Theme.Translucent.NoTitleBar" >
62-->[com.google.firebase:firebase-auth:21.0.1] AndroidManifest.xml:32:13-72
63            <intent-filter>
63-->[com.google.firebase:firebase-auth:21.0.1] AndroidManifest.xml:33:13-43:29
64                <action android:name="android.intent.action.VIEW" />
64-->[com.google.firebase:firebase-auth:21.0.1] AndroidManifest.xml:34:17-69
64-->[com.google.firebase:firebase-auth:21.0.1] AndroidManifest.xml:34:25-66
65
66                <category android:name="android.intent.category.DEFAULT" />
66-->[com.google.firebase:firebase-auth:21.0.1] AndroidManifest.xml:36:17-76
66-->[com.google.firebase:firebase-auth:21.0.1] AndroidManifest.xml:36:27-73
67                <category android:name="android.intent.category.BROWSABLE" />
67-->[com.google.firebase:firebase-auth:21.0.1] AndroidManifest.xml:37:17-78
67-->[com.google.firebase:firebase-auth:21.0.1] AndroidManifest.xml:37:27-75
68
69                <data
69-->[com.google.firebase:firebase-auth:21.0.1] AndroidManifest.xml:39:17-42:51
70                    android:host="firebase.auth"
70-->[com.google.firebase:firebase-auth:21.0.1] AndroidManifest.xml:40:21-49
71                    android:path="/"
71-->[com.google.firebase:firebase-auth:21.0.1] AndroidManifest.xml:41:21-37
72                    android:scheme="genericidp" />
72-->[com.google.firebase:firebase-auth:21.0.1] AndroidManifest.xml:42:21-48
73            </intent-filter>
74        </activity>
75        <activity
75-->[com.google.firebase:firebase-auth:21.0.1] AndroidManifest.xml:45:9-62:20
76            android:name="com.google.firebase.auth.internal.RecaptchaActivity"
76-->[com.google.firebase:firebase-auth:21.0.1] AndroidManifest.xml:46:13-79
77            android:excludeFromRecents="true"
77-->[com.google.firebase:firebase-auth:21.0.1] AndroidManifest.xml:47:13-46
78            android:exported="true"
78-->[com.google.firebase:firebase-auth:21.0.1] AndroidManifest.xml:48:13-36
79            android:launchMode="singleTask"
79-->[com.google.firebase:firebase-auth:21.0.1] AndroidManifest.xml:49:13-44
80            android:theme="@android:style/Theme.Translucent.NoTitleBar" >
80-->[com.google.firebase:firebase-auth:21.0.1] AndroidManifest.xml:50:13-72
81            <intent-filter>
81-->[com.google.firebase:firebase-auth:21.0.1] AndroidManifest.xml:51:13-61:29
82                <action android:name="android.intent.action.VIEW" />
82-->[com.google.firebase:firebase-auth:21.0.1] AndroidManifest.xml:34:17-69
82-->[com.google.firebase:firebase-auth:21.0.1] AndroidManifest.xml:34:25-66
83
84                <category android:name="android.intent.category.DEFAULT" />
84-->[com.google.firebase:firebase-auth:21.0.1] AndroidManifest.xml:36:17-76
84-->[com.google.firebase:firebase-auth:21.0.1] AndroidManifest.xml:36:27-73
85                <category android:name="android.intent.category.BROWSABLE" />
85-->[com.google.firebase:firebase-auth:21.0.1] AndroidManifest.xml:37:17-78
85-->[com.google.firebase:firebase-auth:21.0.1] AndroidManifest.xml:37:27-75
86
87                <data
87-->[com.google.firebase:firebase-auth:21.0.1] AndroidManifest.xml:39:17-42:51
88                    android:host="firebase.auth"
88-->[com.google.firebase:firebase-auth:21.0.1] AndroidManifest.xml:40:21-49
89                    android:path="/"
89-->[com.google.firebase:firebase-auth:21.0.1] AndroidManifest.xml:41:21-37
90                    android:scheme="recaptcha" />
90-->[com.google.firebase:firebase-auth:21.0.1] AndroidManifest.xml:42:21-48
91            </intent-filter>
92        </activity>
93
94        <service
94-->[com.google.firebase:firebase-auth:21.0.1] AndroidManifest.xml:64:9-73:19
95            android:name="com.google.firebase.auth.api.fallback.service.FirebaseAuthFallbackService"
95-->[com.google.firebase:firebase-auth:21.0.1] AndroidManifest.xml:65:13-101
96            android:enabled="true"
96-->[com.google.firebase:firebase-auth:21.0.1] AndroidManifest.xml:66:13-35
97            android:exported="false" >
97-->[com.google.firebase:firebase-auth:21.0.1] AndroidManifest.xml:67:13-37
98            <intent-filter>
98-->[com.google.firebase:firebase-auth:21.0.1] AndroidManifest.xml:68:13-72:29
99                <action android:name="com.google.firebase.auth.api.gms.service.START" />
99-->[com.google.firebase:firebase-auth:21.0.1] AndroidManifest.xml:69:17-89
99-->[com.google.firebase:firebase-auth:21.0.1] AndroidManifest.xml:69:25-86
100
101                <category android:name="android.intent.category.DEFAULT" />
101-->[com.google.firebase:firebase-auth:21.0.1] AndroidManifest.xml:36:17-76
101-->[com.google.firebase:firebase-auth:21.0.1] AndroidManifest.xml:36:27-73
102            </intent-filter>
103        </service>
104
105        <activity
105-->[com.google.android.gms:play-services-base:17.1.0] AndroidManifest.xml:23:9-26:75
106            android:name="com.google.android.gms.common.api.GoogleApiActivity"
106-->[com.google.android.gms:play-services-base:17.1.0] AndroidManifest.xml:24:13-79
107            android:exported="false"
107-->[com.google.android.gms:play-services-base:17.1.0] AndroidManifest.xml:25:13-37
108            android:theme="@android:style/Theme.Translucent.NoTitleBar" />
108-->[com.google.android.gms:play-services-base:17.1.0] AndroidManifest.xml:26:13-72
109
110        <provider
110-->[com.google.firebase:firebase-common:20.0.0] AndroidManifest.xml:26:9-31:39
111            android:name="com.google.firebase.provider.FirebaseInitProvider"
111-->[com.google.firebase:firebase-common:20.0.0] AndroidManifest.xml:27:13-77
112            android:authorities="com.example.ludo.firebaseinitprovider"
112-->[com.google.firebase:firebase-common:20.0.0] AndroidManifest.xml:28:13-72
113            android:directBootAware="true"
113-->[com.google.firebase:firebase-common:20.0.0] AndroidManifest.xml:29:13-43
114            android:exported="false"
114-->[com.google.firebase:firebase-common:20.0.0] AndroidManifest.xml:30:13-37
115            android:initOrder="100" />
115-->[com.google.firebase:firebase-common:20.0.0] AndroidManifest.xml:31:13-36
116
117        <meta-data
117-->[com.google.android.gms:play-services-basement:17.1.0] AndroidManifest.xml:23:9-25:69
118            android:name="com.google.android.gms.version"
118-->[com.google.android.gms:play-services-basement:17.1.0] AndroidManifest.xml:24:13-58
119            android:value="@integer/google_play_services_version" />
119-->[com.google.android.gms:play-services-basement:17.1.0] AndroidManifest.xml:25:13-66
120
121        <provider
121-->[androidx.emoji2:emoji2:1.0.0] AndroidManifest.xml:26:9-34:20
122            android:name="androidx.startup.InitializationProvider"
122-->[androidx.emoji2:emoji2:1.0.0] AndroidManifest.xml:27:13-67
123            android:authorities="com.example.ludo.androidx-startup"
123-->[androidx.emoji2:emoji2:1.0.0] AndroidManifest.xml:28:13-68
124            android:exported="false" >
124-->[androidx.emoji2:emoji2:1.0.0] AndroidManifest.xml:29:13-37
125            <meta-data
125-->[androidx.emoji2:emoji2:1.0.0] AndroidManifest.xml:31:13-33:52
126                android:name="androidx.emoji2.text.EmojiCompatInitializer"
126-->[androidx.emoji2:emoji2:1.0.0] AndroidManifest.xml:32:17-75
127                android:value="androidx.startup" />
127-->[androidx.emoji2:emoji2:1.0.0] AndroidManifest.xml:33:17-49
128            <meta-data
128-->[androidx.lifecycle:lifecycle-process:2.4.0] AndroidManifest.xml:31:13-33:52
129                android:name="androidx.lifecycle.ProcessLifecycleInitializer"
129-->[androidx.lifecycle:lifecycle-process:2.4.0] AndroidManifest.xml:32:17-78
130                android:value="androidx.startup" />
130-->[androidx.lifecycle:lifecycle-process:2.4.0] AndroidManifest.xml:33:17-49
131        </provider>
132    </application>
133
134</manifest>